<?xml version="1.0" encoding="UTF-8"?>
<!-- Generated by org.testng.reporters.JUnitReportReporter -->
<testsuite skipped="0" hostname="Home-Laptop" name="findingElements.FindByElementS" tests="1" failures="0" timestamp="2019-07-07T11:13:09 CEST" time="7.194" errors="0">
  <testcase name="testFindelements" time="7.194" classname="findingElements.FindByElementS"/>
</testsuite> <!-- findingElements.FindByElementS -->
