<?xml version="1.0" encoding="UTF-8"?>
<!-- Generated by org.testng.reporters.JUnitReportReporter -->
<testsuite skipped="0" hostname="Home-Laptop" name="findingElements.FindElementInTableByTagName" tests="1" failures="0" timestamp="2019-07-06T11:50:22 CEST" time="0.129" errors="0">
  <testcase name="findelementbyTagName" time="0.129" classname="findingElements.FindElementInTableByTagName"/>
</testsuite> <!-- findingElements.FindElementInTableByTagName -->
