<?xml version="1.0" encoding="UTF-8"?>
<!-- Generated by org.testng.reporters.JUnitReportReporter -->
<testsuite skipped="0" hostname="Home-Laptop" name="findingElements.FindElementByCSSselector" tests="1" failures="0" timestamp="2019-07-06T12:52:01 CEST" time="0.086" errors="0">
  <testcase name="findelementbyByCssSelector" time="0.086" classname="findingElements.FindElementByCSSselector"/>
</testsuite> <!-- findingElements.FindElementByCSSselector -->
