<?xml version="1.0" encoding="UTF-8"?>
<!-- Generated by org.testng.reporters.JUnitReportReporter -->
<testsuite skipped="0" hostname="Home-Laptop" name="findingElements.FindElementByID" tests="1" failures="0" timestamp="2019-07-05T14:08:15 CEST" time="0.199" errors="0">
  <testcase name="findelementbyID" time="0.199" classname="findingElements.FindElementByID"/>
</testsuite> <!-- findingElements.FindElementByID -->
