<?xml version="1.0" encoding="UTF-8"?>
<!-- Generated by org.testng.reporters.JUnitReportReporter -->
<testsuite skipped="0" hostname="Home-Laptop" name="findingElements.FindelementByTageName" tests="1" failures="0" timestamp="2019-07-05T15:00:59 CEST" time="5.816" errors="0">
  <testcase name="findelementbyTagName" time="5.816" classname="findingElements.FindelementByTageName"/>
</testsuite> <!-- findingElements.FindelementByTageName -->
