<?xml version="1.0" encoding="UTF-8"?>
<!-- Generated by org.testng.reporters.JUnitReportReporter -->
<testsuite skipped="0" hostname="Home-Laptop" name="findingElements.FindLinksByLinkText" tests="2" failures="0" timestamp="2019-07-07T12:52:28 CEST" time="0.110" errors="0">
  <testcase name="FindElementBytext" time="0.044" classname="findingElements.FindLinksByLinkText"/>
  <testcase name="FindElementBypartialtext" time="0.066" classname="findingElements.FindLinksByLinkText"/>
</testsuite> <!-- findingElements.FindLinksByLinkText -->
